<?xml version="1.0" encoding="UTF-8"?>
<!-- Generated by org.testng.reporters.JUnitReportReporter -->
<testsuite hostname="izitilla" failures="0" tests="1" name="Tests.HomePageTest" time="11.747" errors="0" timestamp="2024-05-16T13:36:13 AEST" skipped="0">
  <testcase classname="Tests.HomePageTest" name="homePageImagesInArrivalsShouldNavigate" time="11.747"/>
</testsuite> <!-- Tests.HomePageTest -->
